<?xml version="1.0" encoding="UTF-8"?>
<testsuite name="HelloWorldTest" tests="3" skipped="0" failures="0" errors="0" timestamp="2016-10-19T15:49:29" hostname="Nerdy-Mac.local" time="0.004">
  <properties/>
  <testcase name="helloNoName" classname="HelloWorldTest" time="0.002"/>
  <testcase name="helloSampleName" classname="HelloWorldTest" time="0.0"/>
  <testcase name="helloAnotherSampleName" classname="HelloWorldTest" time="0.001"/>
  <system-out><![CDATA[]]></system-out>
  <system-err><![CDATA[]]></system-err>
</testsuite>
