<?xml version="1.0" encoding="UTF-8"?>
<testsuite name="EtlTest" tests="4" skipped="0" failures="0" errors="0" timestamp="2016-10-19T16:08:46" hostname="Nerdy-Mac.local" time="0.184">
  <properties/>
  <testcase name="testTransformOneValue" classname="EtlTest" time="0.172"/>
  <testcase name="testTransformMoreValues" classname="EtlTest" time="0.003"/>
  <testcase name="testMoreKeys" classname="EtlTest" time="0.005"/>
  <testcase name="testFullDataset" classname="EtlTest" time="0.003"/>
  <system-out><![CDATA[]]></system-out>
  <system-err><![CDATA[]]></system-err>
</testsuite>
